<?xml version="1.0" encoding="UTF-8"?>
<!-- Generated by org.testng.reporters.JUnitReportReporter -->
<testsuite skipped="0" hostname="DESKTOP-1GT1N76" name="day11.testngsamples.Example_Param5" tests="3" failures="0" timestamp="2022-04-28T21:37:47 IST" time="0.016" errors="0">
  <testcase name="signIn" time="0.016" classname="day11.testngsamples.Example_Param5"/>
  <system-out/>
  <testcase name="login" time="0.000" classname="day11.testngsamples.Example_Param5"/>
  <system-out/>
  <testcase name="checkNotification" time="0.000" classname="day11.testngsamples.Example_Param5"/>
  <system-out/>
</testsuite> <!-- day11.testngsamples.Example_Param5 -->
