<?xml version="1.0" encoding="UTF-8"?>
<!-- Generated by org.testng.reporters.JUnitReportReporter -->
<testsuite skipped="0" hostname="DESKTOP-1GT1N76" name="day11.testngsamples.Example6" tests="2" failures="0" timestamp="2022-04-28T16:28:53 IST" time="0.020" errors="0">
  <testcase name="testCase7" time="0.020" classname="day11.testngsamples.Example6"/>
  <system-out/>
  <testcase name="testCase8" time="0.000" classname="day11.testngsamples.Example6"/>
  <system-out/>
</testsuite> <!-- day11.testngsamples.Example6 -->
