<?xml version="1.0" encoding="UTF-8"?>
<!-- Generated by org.testng.reporters.JUnitReportReporter -->
<testsuite skipped="0" hostname="DESKTOP-1GT1N76" name="day11.testngsamples.Example4" tests="1" failures="0" timestamp="2022-04-28T16:15:26 IST" time="0.016" errors="0">
  <testcase name="testCase4" time="0.016" classname="day11.testngsamples.Example4"/>
  <system-out/>
</testsuite> <!-- day11.testngsamples.Example4 -->
