<?xml version="1.0" encoding="UTF-8"?>
<!-- Generated by org.testng.reporters.JUnitReportReporter -->
<testsuite skipped="1" hostname="DESKTOP-1GT1N76" name="day11.testngsamples.Exmample_Param3" tests="3" failures="0" timestamp="2022-04-28T20:49:29 IST" time="0.031" errors="0">
  <testcase name="param1" time="0.031" classname="day11.testngsamples.Exmample_Param3"/>
  <system-out/>
  <testcase name="param3" time="0.000" classname="day11.testngsamples.Exmample_Param3"/>
  <system-out/>
  <testcase name="param2" classname="day11.testngsamples.Exmample_Param3">
    <skipped/>
  </testcase> <!-- param2 -->
  <system-out/>
</testsuite> <!-- day11.testngsamples.Exmample_Param3 -->
