<?xml version="1.0" encoding="UTF-8"?>
<!-- Generated by org.testng.reporters.JUnitReportReporter -->
<testsuite skipped="0" hostname="DESKTOP-1GT1N76" name="day11.testngsamples.Example_Param2" tests="3" failures="0" timestamp="2022-04-28T20:40:42 IST" time="0.030" errors="0">
  <testcase name="login" time="0.015" classname="day11.testngsamples.Example_Param2"/>
  <system-out/>
  <testcase name="sendEmail" time="0.000" classname="day11.testngsamples.Example_Param2"/>
  <system-out/>
  <testcase name="logout" time="0.015" classname="day11.testngsamples.Example_Param2"/>
  <system-out/>
</testsuite> <!-- day11.testngsamples.Example_Param2 -->
