<?xml version="1.0" encoding="UTF-8"?>
<!-- Generated by org.testng.reporters.JUnitReportReporter -->
<testsuite skipped="0" hostname="DESKTOP-1GT1N76" name="day11.testngsamples.Example_Param1" tests="10" failures="0" timestamp="2022-04-28T20:33:11 IST" time="0.037" errors="0">
  <testcase name="param1" time="0.000" classname="day11.testngsamples.Example_Param1"/>
  <system-out/>
  <testcase name="param1" time="0.016" classname="day11.testngsamples.Example_Param1"/>
  <system-out/>
  <testcase name="param1" time="0.003" classname="day11.testngsamples.Example_Param1"/>
  <system-out/>
  <testcase name="param1" time="0.002" classname="day11.testngsamples.Example_Param1"/>
  <system-out/>
  <testcase name="param1" time="0.016" classname="day11.testngsamples.Example_Param1"/>
  <system-out/>
  <testcase name="param1" time="0.000" classname="day11.testngsamples.Example_Param1"/>
  <system-out/>
  <testcase name="param1" time="0.000" classname="day11.testngsamples.Example_Param1"/>
  <system-out/>
  <testcase name="param1" time="0.000" classname="day11.testngsamples.Example_Param1"/>
  <system-out/>
  <testcase name="param1" time="0.000" classname="day11.testngsamples.Example_Param1"/>
  <system-out/>
  <testcase name="param1" time="0.000" classname="day11.testngsamples.Example_Param1"/>
  <system-out/>
</testsuite> <!-- day11.testngsamples.Example_Param1 -->
