<?xml version="1.0" encoding="UTF-8"?>
<!-- Generated by org.testng.reporters.JUnitReportReporter -->
<testsuite skipped="0" hostname="DESKTOP-1GT1N76" name="day11.testngsamples.Example8" tests="1" failures="0" timestamp="2022-04-28T16:40:00 IST" time="22.655" errors="0">
  <testcase name="loginLogoutInActitimeApplication" time="22.655" classname="day11.testngsamples.Example8"/>
  <system-out/>
</testsuite> <!-- day11.testngsamples.Example8 -->
