<?xml version="1.0" encoding="UTF-8"?>
<!-- Generated by org.testng.reporters.JUnitReportReporter -->
<testsuite skipped="0" hostname="DESKTOP-1GT1N76" name="day11.testngsamples.Example7" tests="2" failures="0" timestamp="2022-04-28T16:36:01 IST" time="44.223" errors="0">
  <testcase name="loginLogoutInActitimeApplication" time="32.217" classname="day11.testngsamples.Example7"/>
  <system-out/>
  <testcase name="loginPageValidationInActitimeApplication" time="12.006" classname="day11.testngsamples.Example7"/>
  <system-out/>
</testsuite> <!-- day11.testngsamples.Example7 -->
