<?xml version="1.0" encoding="UTF-8"?>
<!-- Generated by org.testng.reporters.JUnitReportReporter -->
<testsuite skipped="0" hostname="DESKTOP-1GT1N76" name="day11.testngsamples.Example5" tests="2" failures="0" timestamp="2022-04-28T16:20:56 IST" time="0.032" errors="0">
  <testcase name="testCase5" time="0.032" classname="day11.testngsamples.Example5"/>
  <system-out/>
  <testcase name="testCase6" time="0.000" classname="day11.testngsamples.Example5"/>
  <system-out/>
</testsuite> <!-- day11.testngsamples.Example5 -->
