<?xml version="1.0" encoding="UTF-8"?>
<!-- Generated by org.testng.reporters.JUnitReportReporter -->
<testsuite skipped="0" hostname="DESKTOP-1GT1N76" name="day11.testngsamples.Example_Param7" tests="1" failures="0" timestamp="2022-04-28T22:10:07 IST" time="0.012" errors="0">
  <testcase name="login" time="0.012" classname="day11.testngsamples.Example_Param7"/>
  <system-out/>
</testsuite> <!-- day11.testngsamples.Example_Param7 -->
